<?xml version="1.0" encoding="UTF-8"?>
<testng-results skipped="0" failed="0" total="1" passed="1">
  <reporter-output>
  </reporter-output>
  <suite name="Default suite" duration-ms="27919" started-at="2019-03-25T03:30:36Z" finished-at="2019-03-25T03:31:04Z">
    <groups>
    </groups>
    <test name="Default test" duration-ms="27919" started-at="2019-03-25T03:30:36Z" finished-at="2019-03-25T03:31:04Z">
      <class name="class01.test01">
        <test-method status="PASS" signature="setUp()[pri:0, instance:class01.test01@2aaf7cc2]" name="setUp" is-config="true" duration-ms="11171" started-at="2019-03-25T11:30:36Z" finished-at="2019-03-25T11:30:47Z">
          <reporter-output>
          </reporter-output>
        </test-method> <!-- setUp -->
        <test-method status="PASS" signature="testUntitled()[pri:0, instance:class01.test01@2aaf7cc2]" name="testUntitled" duration-ms="14858" started-at="2019-03-25T11:30:47Z" finished-at="2019-03-25T11:31:02Z">
          <reporter-output>
          </reporter-output>
        </test-method> <!-- testUntitled -->
        <test-method status="PASS" signature="tearDown()[pri:0, instance:class01.test01@2aaf7cc2]" name="tearDown" is-config="true" duration-ms="1874" started-at="2019-03-25T11:31:02Z" finished-at="2019-03-25T11:31:04Z">
          <reporter-output>
          </reporter-output>
        </test-method> <!-- tearDown -->
      </class> <!-- class01.test01 -->
    </test> <!-- Default test -->
  </suite> <!-- Default suite -->
</testng-results>
