<?xml version="1.0" encoding="UTF-8"?>
<!-- Generated by org.testng.reporters.JUnitXMLReporter -->
<testsuite hostname="DESKTOP-FB27E98" name="Test" tests="2" failures="1" timestamp="4 Mar 2019 06:25:04 GMT" time="101.445" errors="0">
  <testcase name="login" time="15.757" classname="com.testcase.logintestcase"/>
  <testcase name="login" time="75.824" classname="com.testcase.xztktestcase">
    <failure type="org.openqa.selenium.NoSuchFrameException" message="No frame element found by name or id menu
Build info: version: &amp;apos;2.53.0&amp;apos;, revision: &amp;apos;35ae25b&amp;apos;, time: &amp;apos;2016-03-15 17:00:58&amp;apos;
System info: host: &amp;apos;DESKTOP-FB27E98&amp;apos;, ip: &amp;apos;169.254.175.243&amp;apos;, os.name: &amp;apos;Windows 10&amp;apos;, os.arch: &amp;apos;amd64&amp;apos;, os.version: &amp;apos;10.0&amp;apos;, java.version: &amp;apos;1.8.0_101&amp;apos;
Driver info: driver.version: unknown">
      <![CDATA[org.openqa.selenium.NoSuchFrameException: No frame element found by name or id menu
Build info: version: '2.53.0', revision: '35ae25b', time: '2016-03-15 17:00:58'
System info: host: 'DESKTOP-FB27E98', ip: '169.254.175.243', os.name: 'Windows 10', os.arch: 'amd64', os.version: '10.0', java.version: '1.8.0_101'
Driver info: driver.version: unknown
	at org.openqa.selenium.remote.RemoteWebDriver$RemoteTargetLocator.frame(RemoteWebDriver.java:997)
	at com.page.baseppage.tzzb(baseppage.java:6)
	at com.business.xztkbusiness.xztk(xztkbusiness.java:9)
	at com.testcase.xztktestcase.login(xztktestcase.java:13)
... Removed 24 stack frames]]>
    </failure>
  </testcase> <!-- login -->
</testsuite> <!-- Test -->
